<?xml version="1.0" encoding="UTF-8"?>
<!-- Generated by org.testng.reporters.JUnitReportReporter -->
<testsuite hostname="CBT-003" name="JenkinsPkg.Demo" tests="1" failures="0" timestamp="6 Aug 2016 09:02:30 GMT" time="24.309" errors="0">
  <testcase name="testA" time="24.309" classname="JenkinsPkg.Demo"/>
</testsuite> <!-- JenkinsPkg.Demo -->
